{"level":"info","message":"Hello world endpoint accessed","service":"devops-practice","timestamp":"2025-11-03T12:39:08.109Z"}
{"level":"info","message":"Hello world endpoint accessed","service":"devops-practive","timestamp":"2025-11-03T12:56:00.279Z"}
{"level":"info","message":"::ffff:127.0.0.1 - - [03/Nov/2025:12:56:00 +0000] \"GET / HTTP/1.1\" 200 11 \"-\" \"Mozilla/5.0 (Macintosh; Intel Mac OS X 10.15; rv:144.0) Gecko/20100101 Firefox/144.0\"","service":"devops-practive","timestamp":"2025-11-03T12:56:00.286Z"}
{"level":"info","message":"Hello world endpoint accessed","service":"devops-practive","timestamp":"2025-11-03T12:56:44.209Z"}
{"level":"info","message":"::ffff:127.0.0.1 - - [03/Nov/2025:12:56:44 +0000] \"GET / HTTP/1.1\" 304 - \"-\" \"Mozilla/5.0 (Macintosh; Intel Mac OS X 10.15; rv:144.0) Gecko/20100101 Firefox/144.0\"","service":"devops-practive","timestamp":"2025-11-03T12:56:44.212Z"}
{"level":"info","message":"Hello world endpoint accessed","service":"devops-practive","timestamp":"2025-11-03T12:56:48.647Z"}
{"level":"info","message":"::ffff:127.0.0.1 - - [03/Nov/2025:12:56:48 +0000] \"GET / HTTP/1.1\" 304 - \"-\" \"Mozilla/5.0 (Macintosh; Intel Mac OS X 10.15; rv:144.0) Gecko/20100101 Firefox/144.0\"","service":"devops-practive","timestamp":"2025-11-03T12:56:48.649Z"}
{"level":"info","message":"Hello world endpoint accessed","service":"devops-practive","timestamp":"2025-11-03T13:08:57.451Z"}
{"level":"info","message":"::ffff:127.0.0.1 - - [03/Nov/2025:13:08:57 +0000] \"GET / HTTP/1.1\" 304 - \"-\" \"Mozilla/5.0 (Macintosh; Intel Mac OS X 10.15; rv:144.0) Gecko/20100101 Firefox/144.0\"","service":"devops-practive","timestamp":"2025-11-03T13:08:57.465Z"}
{"level":"info","message":"::ffff:127.0.0.1 - - [03/Nov/2025:13:10:33 +0000] \"GET /health HTTP/1.1\" 200 76 \"-\" \"Mozilla/5.0 (Macintosh; Intel Mac OS X 10.15; rv:144.0) Gecko/20100101 Firefox/144.0\"","service":"devops-practive","timestamp":"2025-11-03T13:10:33.855Z"}
{"level":"info","message":"::ffff:127.0.0.1 - - [03/Nov/2025:13:10:33 +0000] \"GET /favicon.ico HTTP/1.1\" 404 150 \"-\" \"Mozilla/5.0 (Macintosh; Intel Mac OS X 10.15; rv:144.0) Gecko/20100101 Firefox/144.0\"","service":"devops-practive","timestamp":"2025-11-03T13:10:33.899Z"}
{"level":"info","message":"Hello world endpoint accessed","service":"devops-practive","timestamp":"2025-11-03T13:12:18.791Z"}
{"level":"info","message":"::1 - - [03/Nov/2025:13:12:18 +0000] \"GET / HTTP/1.1\" 200 11 \"-\" \"PostmanRuntime/7.39.1\"","service":"devops-practive","timestamp":"2025-11-03T13:12:18.807Z"}
{"level":"info","message":"::1 - - [03/Nov/2025:13:12:29 +0000] \"POST / HTTP/1.1\" 404 140 \"-\" \"PostmanRuntime/7.39.1\"","service":"devops-practive","timestamp":"2025-11-03T13:12:29.512Z"}
{"level":"info","message":"::1 - - [03/Nov/2025:13:12:50 +0000] \"GET /health HTTP/1.1\" 200 76 \"-\" \"PostmanRuntime/7.39.1\"","service":"devops-practive","timestamp":"2025-11-03T13:12:50.872Z"}
{"level":"info","message":"::1 - - [03/Nov/2025:13:13:09 +0000] \"POST /health HTTP/1.1\" 200 75 \"-\" \"PostmanRuntime/7.39.1\"","service":"devops-practive","timestamp":"2025-11-03T13:13:09.197Z"}
{"level":"info","message":"::1 - - [03/Nov/2025:13:13:13 +0000] \"POST /health HTTP/1.1\" 200 75 \"-\" \"PostmanRuntime/7.39.1\"","service":"devops-practive","timestamp":"2025-11-03T13:13:13.681Z"}
{"level":"info","message":"::1 - - [03/Nov/2025:13:13:17 +0000] \"GET /health HTTP/1.1\" 404 145 \"-\" \"PostmanRuntime/7.39.1\"","service":"devops-practive","timestamp":"2025-11-03T13:13:17.957Z"}
{"level":"info","message":"::1 - - [03/Nov/2025:13:13:26 +0000] \"GET /health HTTP/1.1\" 404 145 \"-\" \"PostmanRuntime/7.39.1\"","service":"devops-practive","timestamp":"2025-11-03T13:13:26.916Z"}
{"level":"info","message":"::1 - - [03/Nov/2025:13:13:50 +0000] \"POST /api HTTP/1.1\" 404 143 \"-\" \"PostmanRuntime/7.39.1\"","service":"devops-practive","timestamp":"2025-11-03T13:13:50.945Z"}
{"level":"info","message":"::1 - - [03/Nov/2025:13:13:52 +0000] \"POST /api HTTP/1.1\" 404 143 \"-\" \"PostmanRuntime/7.39.1\"","service":"devops-practive","timestamp":"2025-11-03T13:13:52.540Z"}
{"level":"info","message":"::1 - - [03/Nov/2025:13:13:52 +0000] \"POST /api HTTP/1.1\" 404 143 \"-\" \"PostmanRuntime/7.39.1\"","service":"devops-practive","timestamp":"2025-11-03T13:13:52.763Z"}
{"level":"info","message":"::1 - - [03/Nov/2025:13:14:03 +0000] \"GET /api HTTP/1.1\" 200 29 \"-\" \"PostmanRuntime/7.39.1\"","service":"devops-practive","timestamp":"2025-11-03T13:14:03.500Z"}
{"level":"info","message":"::1 - - [03/Nov/2025:13:14:04 +0000] \"GET /api HTTP/1.1\" 200 29 \"-\" \"PostmanRuntime/7.39.1\"","service":"devops-practive","timestamp":"2025-11-03T13:14:04.530Z"}
{"level":"info","message":"::1 - - [03/Nov/2025:13:14:04 +0000] \"GET /api HTTP/1.1\" 200 29 \"-\" \"PostmanRuntime/7.39.1\"","service":"devops-practive","timestamp":"2025-11-03T13:14:04.783Z"}
{"level":"info","message":"::1 - - [03/Nov/2025:13:14:24 +0000] \"GET /api HTTP/1.1\" 200 29 \"-\" \"PostmanRuntime/7.39.1\"","service":"devops-practive","timestamp":"2025-11-03T13:14:24.250Z"}
{"level":"info","message":"::1 - - [03/Nov/2025:13:14:29 +0000] \"POST /api HTTP/1.1\" 404 143 \"-\" \"PostmanRuntime/7.39.1\"","service":"devops-practive","timestamp":"2025-11-03T13:14:29.981Z"}
{"level":"info","message":"::1 - - [03/Nov/2025:13:14:34 +0000] \"GET /api HTTP/1.1\" 200 29 \"-\" \"PostmanRuntime/7.39.1\"","service":"devops-practive","timestamp":"2025-11-03T13:14:34.190Z"}
{"level":"info","message":"::1 - - [03/Nov/2025:13:15:09 +0000] \"POST /api/auth/sign-in HTTP/1.1\" 200 30 \"-\" \"PostmanRuntime/7.39.1\"","service":"devops-practive","timestamp":"2025-11-03T13:15:09.672Z"}
{"level":"info","message":"::1 - - [03/Nov/2025:13:27:43 +0000] \"POST /api/auth/sign-up HTTP/1.1\" 400 92 \"-\" \"PostmanRuntime/7.39.1\"","service":"devops-practive","timestamp":"2025-11-03T13:27:43.247Z"}
{"level":"info","message":"::1 - - [03/Nov/2025:13:28:53 +0000] \"POST /api/auth/sign-up?name=tam&kdkj=sd&sd=dd HTTP/1.1\" 400 92 \"-\" \"PostmanRuntime/7.39.1\"","service":"devops-practive","timestamp":"2025-11-03T13:28:53.313Z"}
{"level":"info","message":"::1 - - [03/Nov/2025:13:30:09 +0000] \"POST /api/auth/sign-up HTTP/1.1\" 400 92 \"-\" \"PostmanRuntime/7.39.1\"","service":"devops-practive","timestamp":"2025-11-03T13:30:09.266Z"}
{"level":"info","message":"::1 - - [03/Nov/2025:13:30:26 +0000] \"POST /api/auth/sign-up HTTP/1.1\" 400 92 \"-\" \"PostmanRuntime/7.39.1\"","service":"devops-practive","timestamp":"2025-11-03T13:30:26.941Z"}
{"level":"info","message":"::1 - - [03/Nov/2025:13:30:55 +0000] \"POST /api/auth/sign-up HTTP/1.1\" 400 196 \"-\" \"PostmanRuntime/7.39.1\"","service":"devops-practive","timestamp":"2025-11-03T13:30:55.918Z"}
{"level":"info","message":"::1 - - [03/Nov/2025:13:31:23 +0000] \"POST /api/auth/sign-up HTTP/1.1\" 400 92 \"-\" \"PostmanRuntime/7.39.1\"","service":"devops-practive","timestamp":"2025-11-03T13:31:23.863Z"}
{"level":"info","message":"::1 - - [03/Nov/2025:13:33:45 +0000] \"POST /api/auth/sign-up HTTP/1.1\" 400 92 \"-\" \"PostmanRuntime/7.39.1\"","service":"devops-practive","timestamp":"2025-11-03T13:33:45.865Z"}
{"level":"info","message":"::1 - - [03/Nov/2025:13:33:58 +0000] \"POST /api/auth/sign-up HTTP/1.1\" 400 196 \"-\" \"PostmanRuntime/7.39.1\"","service":"devops-practive","timestamp":"2025-11-03T13:33:58.923Z"}
{"level":"info","message":"::1 - - [03/Nov/2025:13:34:35 +0000] \"POST /api/auth/sign-up HTTP/1.1\" 400 92 \"-\" \"PostmanRuntime/7.39.1\"","service":"devops-practive","timestamp":"2025-11-03T13:34:35.995Z"}
{"level":"info","message":"User registered successfully: email@gmail.com","service":"devops-practive","timestamp":"2025-11-03T13:39:26.655Z"}
{"level":"info","message":"::1 - - [03/Nov/2025:13:39:55 +0000] \"POST /api/auth/sign-up HTTP/1.1\" 400 92 \"-\" \"PostmanRuntime/7.39.1\"","service":"devops-practive","timestamp":"2025-11-03T13:39:55.797Z"}
{"level":"info","message":"User registered successfully: email@gmail.com","service":"devops-practive","timestamp":"2025-11-03T13:40:20.366Z"}
{"level":"info","message":"::1 - - [03/Nov/2025:13:40:20 +0000] \"POST /api/auth/sign-up HTTP/1.1\" 201 102 \"-\" \"PostmanRuntime/7.39.1\"","service":"devops-practive","timestamp":"2025-11-03T13:40:20.370Z"}
{"level":"info","message":"User email@gmail.com created successfully","service":"devops-practive","timestamp":"2025-11-03T13:53:33.697Z"}
{"level":"info","message":"User registered successfully: email@gmail.com","service":"devops-practive","timestamp":"2025-11-03T13:53:33.710Z"}
{"level":"info","message":"::1 - - [03/Nov/2025:13:53:33 +0000] \"POST /api/auth/sign-up HTTP/1.1\" 201 143 \"-\" \"PostmanRuntime/7.39.1\"","service":"devops-practive","timestamp":"2025-11-03T13:53:33.715Z"}
{"level":"info","message":"User email2@gmail.com created successfully","service":"devops-practive","timestamp":"2025-11-03T13:54:04.592Z"}
{"level":"info","message":"User registered successfully: email2@gmail.com","service":"devops-practive","timestamp":"2025-11-03T13:54:04.597Z"}
{"level":"info","message":"::1 - - [03/Nov/2025:13:54:04 +0000] \"POST /api/auth/sign-up HTTP/1.1\" 201 144 \"-\" \"PostmanRuntime/7.39.1\"","service":"devops-practive","timestamp":"2025-11-03T13:54:04.600Z"}
{"level":"info","message":"::1 - - [03/Nov/2025:14:30:21 +0000] \"GET /health HTTP/1.1\" 404 145 \"-\" \"PostmanRuntime/7.39.1\"","service":"devops-practive","timestamp":"2025-11-03T14:30:21.365Z"}
{"level":"info","message":"::1 - - [03/Nov/2025:14:31:10 +0000] \"GET /health HTTP/1.1\" 404 145 \"-\" \"PostmanRuntime/7.39.1\"","service":"devops-practive","timestamp":"2025-11-03T14:31:10.377Z"}
{"level":"info","message":"::1 - - [03/Nov/2025:14:31:10 +0000] \"GET /health HTTP/1.1\" 404 145 \"-\" \"PostmanRuntime/7.39.1\"","service":"devops-practive","timestamp":"2025-11-03T14:31:10.568Z"}
{"level":"info","message":"::1 - - [03/Nov/2025:14:31:10 +0000] \"GET /health HTTP/1.1\" 404 145 \"-\" \"PostmanRuntime/7.39.1\"","service":"devops-practive","timestamp":"2025-11-03T14:31:10.803Z"}
{"level":"info","message":"::1 - - [03/Nov/2025:14:31:10 +0000] \"GET /health HTTP/1.1\" 404 145 \"-\" \"PostmanRuntime/7.39.1\"","service":"devops-practive","timestamp":"2025-11-03T14:31:10.921Z"}
{"level":"info","message":"::1 - - [03/Nov/2025:14:31:11 +0000] \"GET /health HTTP/1.1\" 404 145 \"-\" \"PostmanRuntime/7.39.1\"","service":"devops-practive","timestamp":"2025-11-03T14:31:11.063Z"}
{"level":"info","message":"::1 - - [03/Nov/2025:14:31:11 +0000] \"GET /health HTTP/1.1\" 404 145 \"-\" \"PostmanRuntime/7.39.1\"","service":"devops-practive","timestamp":"2025-11-03T14:31:11.139Z"}
{"level":"info","message":"::1 - - [03/Nov/2025:14:31:11 +0000] \"GET /health HTTP/1.1\" 404 145 \"-\" \"PostmanRuntime/7.39.1\"","service":"devops-practive","timestamp":"2025-11-03T14:31:11.253Z"}
{"level":"info","message":"::1 - - [03/Nov/2025:14:31:11 +0000] \"GET /health HTTP/1.1\" 404 145 \"-\" \"PostmanRuntime/7.39.1\"","service":"devops-practive","timestamp":"2025-11-03T14:31:11.368Z"}
{"level":"info","message":"::1 - - [03/Nov/2025:14:31:11 +0000] \"GET /health HTTP/1.1\" 404 145 \"-\" \"PostmanRuntime/7.39.1\"","service":"devops-practive","timestamp":"2025-11-03T14:31:11.431Z"}
{"level":"info","message":"::1 - - [03/Nov/2025:14:31:11 +0000] \"GET /health HTTP/1.1\" 404 145 \"-\" \"PostmanRuntime/7.39.1\"","service":"devops-practive","timestamp":"2025-11-03T14:31:11.562Z"}
{"level":"info","message":"::1 - - [03/Nov/2025:14:31:11 +0000] \"GET /health HTTP/1.1\" 404 145 \"-\" \"PostmanRuntime/7.39.1\"","service":"devops-practive","timestamp":"2025-11-03T14:31:11.676Z"}
{"level":"info","message":"::1 - - [03/Nov/2025:14:31:11 +0000] \"GET /health HTTP/1.1\" 404 145 \"-\" \"PostmanRuntime/7.39.1\"","service":"devops-practive","timestamp":"2025-11-03T14:31:11.789Z"}
{"level":"info","message":"::1 - - [03/Nov/2025:14:31:11 +0000] \"GET /health HTTP/1.1\" 404 145 \"-\" \"PostmanRuntime/7.39.1\"","service":"devops-practive","timestamp":"2025-11-03T14:31:11.870Z"}
{"level":"info","message":"::1 - - [03/Nov/2025:14:31:11 +0000] \"GET /health HTTP/1.1\" 404 145 \"-\" \"PostmanRuntime/7.39.1\"","service":"devops-practive","timestamp":"2025-11-03T14:31:11.975Z"}
{"level":"info","message":"::1 - - [03/Nov/2025:14:31:12 +0000] \"GET /health HTTP/1.1\" 404 145 \"-\" \"PostmanRuntime/7.39.1\"","service":"devops-practive","timestamp":"2025-11-03T14:31:12.110Z"}
{"level":"info","message":"::1 - - [03/Nov/2025:14:31:12 +0000] \"GET /health HTTP/1.1\" 404 145 \"-\" \"PostmanRuntime/7.39.1\"","service":"devops-practive","timestamp":"2025-11-03T14:31:12.194Z"}
{"level":"info","message":"::1 - - [03/Nov/2025:14:36:24 +0000] \"GET /health HTTP/1.1\" 404 145 \"-\" \"PostmanRuntime/7.39.1\"","service":"devops-practive","timestamp":"2025-11-03T14:36:24.052Z"}
{"id":"lreq_01k952n66hfzt8fypq18a0cqxw","level":"error","message":"Arcjet returned an error decision","reason":"ERROR","service":"devops-practive","timestamp":"2025-11-03T14:41:36.978Z"}
{"level":"info","message":"::1 - - [03/Nov/2025:14:41:36 +0000] \"GET /health HTTP/1.1\" 200 75 \"-\" \"PostmanRuntime/7.39.1\"","service":"devops-practive","timestamp":"2025-11-03T14:41:36.982Z"}
{"id":"lreq_01k952n8xgfzt8fypt6313w00n","level":"error","message":"Arcjet returned an error decision","reason":"ERROR","service":"devops-practive","timestamp":"2025-11-03T14:41:39.760Z"}
{"level":"info","message":"::1 - - [03/Nov/2025:14:41:39 +0000] \"GET /health HTTP/1.1\" 200 70 \"-\" \"PostmanRuntime/7.39.1\"","service":"devops-practive","timestamp":"2025-11-03T14:41:39.761Z"}
{"id":"lreq_01k952n91nfzt8fyq0bq8n0gvb","level":"error","message":"Arcjet returned an error decision","reason":"ERROR","service":"devops-practive","timestamp":"2025-11-03T14:41:39.893Z"}
{"level":"info","message":"::1 - - [03/Nov/2025:14:41:39 +0000] \"GET /health HTTP/1.1\" 200 75 \"-\" \"PostmanRuntime/7.39.1\"","service":"devops-practive","timestamp":"2025-11-03T14:41:39.894Z"}
{"id":"lreq_01k952n95yfzt8fyqdcsd7nzfe","level":"error","message":"Arcjet returned an error decision","reason":"ERROR","service":"devops-practive","timestamp":"2025-11-03T14:41:40.030Z"}
{"level":"info","message":"::1 - - [03/Nov/2025:14:41:40 +0000] \"GET /health HTTP/1.1\" 200 76 \"-\" \"PostmanRuntime/7.39.1\"","service":"devops-practive","timestamp":"2025-11-03T14:41:40.031Z"}
{"id":"lreq_01k952n9d5fzt8fyqg7bshyc96","level":"error","message":"Arcjet returned an error decision","reason":"ERROR","service":"devops-practive","timestamp":"2025-11-03T14:41:40.261Z"}
{"level":"info","message":"::1 - - [03/Nov/2025:14:41:40 +0000] \"GET /health HTTP/1.1\" 200 75 \"-\" \"PostmanRuntime/7.39.1\"","service":"devops-practive","timestamp":"2025-11-03T14:41:40.264Z"}
{"id":"lreq_01k952n9ghfzt8fyqzn9psj43b","level":"error","message":"Arcjet returned an error decision","reason":"ERROR","service":"devops-practive","timestamp":"2025-11-03T14:41:40.369Z"}
{"level":"info","message":"::1 - - [03/Nov/2025:14:41:40 +0000] \"GET /health HTTP/1.1\" 200 76 \"-\" \"PostmanRuntime/7.39.1\"","service":"devops-practive","timestamp":"2025-11-03T14:41:40.370Z"}
{"id":"lreq_01k952n9mkfzt8fyr6tvgx4n8s","level":"error","message":"Arcjet returned an error decision","reason":"ERROR","service":"devops-practive","timestamp":"2025-11-03T14:41:40.500Z"}
{"level":"info","message":"::1 - - [03/Nov/2025:14:41:40 +0000] \"GET /health HTTP/1.1\" 200 73 \"-\" \"PostmanRuntime/7.39.1\"","service":"devops-practive","timestamp":"2025-11-03T14:41:40.501Z"}
{"id":"lreq_01k952n9t9fzt8fyr94mzr5wrp","level":"error","message":"Arcjet returned an error decision","reason":"ERROR","service":"devops-practive","timestamp":"2025-11-03T14:41:40.681Z"}
{"level":"info","message":"::1 - - [03/Nov/2025:14:41:40 +0000] \"GET /health HTTP/1.1\" 200 76 \"-\" \"PostmanRuntime/7.39.1\"","service":"devops-practive","timestamp":"2025-11-03T14:41:40.682Z"}
{"id":"lreq_01k952n9zhfzt8fyrqa3d15m2c","level":"error","message":"Arcjet returned an error decision","reason":"ERROR","service":"devops-practive","timestamp":"2025-11-03T14:41:40.849Z"}
{"level":"info","message":"::1 - - [03/Nov/2025:14:41:40 +0000] \"GET /health HTTP/1.1\" 200 76 \"-\" \"PostmanRuntime/7.39.1\"","service":"devops-practive","timestamp":"2025-11-03T14:41:40.850Z"}
{"id":"lreq_01k952na3wfzt8fyrz695qkxjb","level":"error","message":"Arcjet returned an error decision","reason":"ERROR","service":"devops-practive","timestamp":"2025-11-03T14:41:40.988Z"}
{"level":"info","message":"::1 - - [03/Nov/2025:14:41:40 +0000] \"GET /health HTTP/1.1\" 200 76 \"-\" \"PostmanRuntime/7.39.1\"","service":"devops-practive","timestamp":"2025-11-03T14:41:40.989Z"}
{"id":"lreq_01k952na93fzt8fys58n5vw1xv","level":"error","message":"Arcjet returned an error decision","reason":"ERROR","service":"devops-practive","timestamp":"2025-11-03T14:41:41.155Z"}
{"level":"info","message":"::1 - - [03/Nov/2025:14:41:41 +0000] \"GET /health HTTP/1.1\" 200 76 \"-\" \"PostmanRuntime/7.39.1\"","service":"devops-practive","timestamp":"2025-11-03T14:41:41.156Z"}
{"id":"lreq_01k952nadcfzt8fys87yqx0w35","level":"error","message":"Arcjet returned an error decision","reason":"ERROR","service":"devops-practive","timestamp":"2025-11-03T14:41:41.292Z"}
{"level":"info","message":"::1 - - [03/Nov/2025:14:41:41 +0000] \"GET /health HTTP/1.1\" 200 76 \"-\" \"PostmanRuntime/7.39.1\"","service":"devops-practive","timestamp":"2025-11-03T14:41:41.292Z"}
{"id":"lreq_01k952najpfzt8fysky39ndr26","level":"error","message":"Arcjet returned an error decision","reason":"ERROR","service":"devops-practive","timestamp":"2025-11-03T14:41:41.462Z"}
{"level":"info","message":"::1 - - [03/Nov/2025:14:41:41 +0000] \"GET /health HTTP/1.1\" 200 76 \"-\" \"PostmanRuntime/7.39.1\"","service":"devops-practive","timestamp":"2025-11-03T14:41:41.462Z"}
{"id":"lreq_01k952naqafzt8fysyqejvzyxe","level":"error","message":"Arcjet returned an error decision","reason":"ERROR","service":"devops-practive","timestamp":"2025-11-03T14:41:41.610Z"}
{"level":"info","message":"::1 - - [03/Nov/2025:14:41:41 +0000] \"GET /health HTTP/1.1\" 200 76 \"-\" \"PostmanRuntime/7.39.1\"","service":"devops-practive","timestamp":"2025-11-03T14:41:41.611Z"}
{"id":"lreq_01k952nawjfzt8fyt5r7hp3re6","level":"error","message":"Arcjet returned an error decision","reason":"ERROR","service":"devops-practive","timestamp":"2025-11-03T14:41:41.778Z"}
{"level":"info","message":"::1 - - [03/Nov/2025:14:41:41 +0000] \"GET /health HTTP/1.1\" 200 76 \"-\" \"PostmanRuntime/7.39.1\"","service":"devops-practive","timestamp":"2025-11-03T14:41:41.778Z"}
{"id":"lreq_01k952nb1kfzt8fyt8m6g0r0nx","level":"error","message":"Arcjet returned an error decision","reason":"ERROR","service":"devops-practive","timestamp":"2025-11-03T14:41:41.939Z"}
{"level":"info","message":"::1 - - [03/Nov/2025:14:41:41 +0000] \"GET /health HTTP/1.1\" 200 76 \"-\" \"PostmanRuntime/7.39.1\"","service":"devops-practive","timestamp":"2025-11-03T14:41:41.940Z"}
{"id":"lreq_01k952nb6xfzt8fythchkptqxd","level":"error","message":"Arcjet returned an error decision","reason":"ERROR","service":"devops-practive","timestamp":"2025-11-03T14:41:42.109Z"}
{"level":"info","message":"::1 - - [03/Nov/2025:14:41:42 +0000] \"GET /health HTTP/1.1\" 200 74 \"-\" \"PostmanRuntime/7.39.1\"","service":"devops-practive","timestamp":"2025-11-03T14:41:42.110Z"}
{"id":"lreq_01k952nbbjfzt8fytz8r6yfgq7","level":"error","message":"Arcjet returned an error decision","reason":"ERROR","service":"devops-practive","timestamp":"2025-11-03T14:41:42.259Z"}
{"level":"info","message":"::1 - - [03/Nov/2025:14:41:42 +0000] \"GET /health HTTP/1.1\" 200 76 \"-\" \"PostmanRuntime/7.39.1\"","service":"devops-practive","timestamp":"2025-11-03T14:41:42.259Z"}
{"id":"lreq_01k952nbg5fzt8fyv06srvne31","level":"error","message":"Arcjet returned an error decision","reason":"ERROR","service":"devops-practive","timestamp":"2025-11-03T14:41:42.405Z"}
{"level":"info","message":"::1 - - [03/Nov/2025:14:41:42 +0000] \"GET /health HTTP/1.1\" 200 76 \"-\" \"PostmanRuntime/7.39.1\"","service":"devops-practive","timestamp":"2025-11-03T14:41:42.406Z"}
{"id":"lreq_01k952nbmdfzt8fyvfh851zw3t","level":"error","message":"Arcjet returned an error decision","reason":"ERROR","service":"devops-practive","timestamp":"2025-11-03T14:41:42.541Z"}
{"level":"info","message":"::1 - - [03/Nov/2025:14:41:42 +0000] \"GET /health HTTP/1.1\" 200 76 \"-\" \"PostmanRuntime/7.39.1\"","service":"devops-practive","timestamp":"2025-11-03T14:41:42.541Z"}
{"id":"lreq_01k952nbrqfzt8fyvmwqmx1jr9","level":"error","message":"Arcjet returned an error decision","reason":"ERROR","service":"devops-practive","timestamp":"2025-11-03T14:41:42.679Z"}
{"level":"info","message":"::1 - - [03/Nov/2025:14:41:42 +0000] \"GET /health HTTP/1.1\" 200 76 \"-\" \"PostmanRuntime/7.39.1\"","service":"devops-practive","timestamp":"2025-11-03T14:41:42.679Z"}
{"id":"lreq_01k952nbw1fzt8fyvtsafbr7jc","level":"error","message":"Arcjet returned an error decision","reason":"ERROR","service":"devops-practive","timestamp":"2025-11-03T14:41:42.785Z"}
{"level":"info","message":"::1 - - [03/Nov/2025:14:41:42 +0000] \"GET /health HTTP/1.1\" 200 76 \"-\" \"PostmanRuntime/7.39.1\"","service":"devops-practive","timestamp":"2025-11-03T14:41:42.786Z"}
{"id":"lreq_01k952nc2mfzt8fyw4ces5z7y4","level":"error","message":"Arcjet returned an error decision","reason":"ERROR","service":"devops-practive","timestamp":"2025-11-03T14:41:42.996Z"}
{"level":"info","message":"::1 - - [03/Nov/2025:14:41:42 +0000] \"GET /health HTTP/1.1\" 200 76 \"-\" \"PostmanRuntime/7.39.1\"","service":"devops-practive","timestamp":"2025-11-03T14:41:42.997Z"}
{"id":"lreq_01k952nc5vfzt8fywe1n5ve4qs","level":"error","message":"Arcjet returned an error decision","reason":"ERROR","service":"devops-practive","timestamp":"2025-11-03T14:41:43.099Z"}
{"level":"info","message":"::1 - - [03/Nov/2025:14:41:43 +0000] \"GET /health HTTP/1.1\" 200 75 \"-\" \"PostmanRuntime/7.39.1\"","service":"devops-practive","timestamp":"2025-11-03T14:41:43.100Z"}
{"id":"lreq_01k952nc95fzt8fywk1ahyqf68","level":"error","message":"Arcjet returned an error decision","reason":"ERROR","service":"devops-practive","timestamp":"2025-11-03T14:41:43.205Z"}
{"level":"info","message":"::1 - - [03/Nov/2025:14:41:43 +0000] \"GET /health HTTP/1.1\" 200 75 \"-\" \"PostmanRuntime/7.39.1\"","service":"devops-practive","timestamp":"2025-11-03T14:41:43.205Z"}
{"id":"lreq_01k952ncc3fzt8fywrzab97z1a","level":"error","message":"Arcjet returned an error decision","reason":"ERROR","service":"devops-practive","timestamp":"2025-11-03T14:41:43.299Z"}
{"level":"info","message":"::1 - - [03/Nov/2025:14:41:43 +0000] \"GET /health HTTP/1.1\" 200 76 \"-\" \"PostmanRuntime/7.39.1\"","service":"devops-practive","timestamp":"2025-11-03T14:41:43.300Z"}
{"id":"lreq_01k952ncfhfzt8fyx053fdydnp","level":"error","message":"Arcjet returned an error decision","reason":"ERROR","service":"devops-practive","timestamp":"2025-11-03T14:41:43.409Z"}
{"level":"info","message":"::1 - - [03/Nov/2025:14:41:43 +0000] \"GET /health HTTP/1.1\" 200 76 \"-\" \"PostmanRuntime/7.39.1\"","service":"devops-practive","timestamp":"2025-11-03T14:41:43.409Z"}
{"id":"lreq_01k952ncjxfzt8fyx9z2py2qn0","level":"error","message":"Arcjet returned an error decision","reason":"ERROR","service":"devops-practive","timestamp":"2025-11-03T14:41:43.517Z"}
{"level":"info","message":"::1 - - [03/Nov/2025:14:41:43 +0000] \"GET /health HTTP/1.1\" 200 76 \"-\" \"PostmanRuntime/7.39.1\"","service":"devops-practive","timestamp":"2025-11-03T14:41:43.517Z"}
{"id":"lreq_01k952ncppfzt8fyxhxnzbevke","level":"error","message":"Arcjet returned an error decision","reason":"ERROR","service":"devops-practive","timestamp":"2025-11-03T14:41:43.638Z"}
{"level":"info","message":"::1 - - [03/Nov/2025:14:41:43 +0000] \"GET /health HTTP/1.1\" 200 76 \"-\" \"PostmanRuntime/7.39.1\"","service":"devops-practive","timestamp":"2025-11-03T14:41:43.639Z"}
{"id":"lreq_01k952ncskfzt8fyxwfajh4vxy","level":"error","message":"Arcjet returned an error decision","reason":"ERROR","service":"devops-practive","timestamp":"2025-11-03T14:41:43.731Z"}
{"level":"info","message":"::1 - - [03/Nov/2025:14:41:43 +0000] \"GET /health HTTP/1.1\" 200 76 \"-\" \"PostmanRuntime/7.39.1\"","service":"devops-practive","timestamp":"2025-11-03T14:41:43.731Z"}
{"id":"lreq_01k952ncxffzt8fyy2d31tydch","level":"error","message":"Arcjet returned an error decision","reason":"ERROR","service":"devops-practive","timestamp":"2025-11-03T14:41:43.855Z"}
{"level":"info","message":"::1 - - [03/Nov/2025:14:41:43 +0000] \"GET /health HTTP/1.1\" 200 76 \"-\" \"PostmanRuntime/7.39.1\"","service":"devops-practive","timestamp":"2025-11-03T14:41:43.855Z"}
{"id":"lreq_01k952nd0kfzt8fyy9dft7fc9a","level":"error","message":"Arcjet returned an error decision","reason":"ERROR","service":"devops-practive","timestamp":"2025-11-03T14:41:43.955Z"}
{"level":"info","message":"::1 - - [03/Nov/2025:14:41:43 +0000] \"GET /health HTTP/1.1\" 200 76 \"-\" \"PostmanRuntime/7.39.1\"","service":"devops-practive","timestamp":"2025-11-03T14:41:43.955Z"}
{"id":"lreq_01k952nd52fzt8fyyp27p1nyem","level":"error","message":"Arcjet returned an error decision","reason":"ERROR","service":"devops-practive","timestamp":"2025-11-03T14:41:44.098Z"}
{"level":"info","message":"::1 - - [03/Nov/2025:14:41:44 +0000] \"GET /health HTTP/1.1\" 200 76 \"-\" \"PostmanRuntime/7.39.1\"","service":"devops-practive","timestamp":"2025-11-03T14:41:44.099Z"}
{"id":"lreq_01k952nd89fzt8fyyv4aycwek8","level":"error","message":"Arcjet returned an error decision","reason":"ERROR","service":"devops-practive","timestamp":"2025-11-03T14:41:44.201Z"}
{"level":"info","message":"::1 - - [03/Nov/2025:14:41:44 +0000] \"GET /health HTTP/1.1\" 200 75 \"-\" \"PostmanRuntime/7.39.1\"","service":"devops-practive","timestamp":"2025-11-03T14:41:44.201Z"}
{"id":"lreq_01k952ndbgfzt8fyz5cs5e8r2r","level":"error","message":"Arcjet returned an error decision","reason":"ERROR","service":"devops-practive","timestamp":"2025-11-03T14:41:44.304Z"}
{"level":"info","message":"::1 - - [03/Nov/2025:14:41:44 +0000] \"GET /health HTTP/1.1\" 200 75 \"-\" \"PostmanRuntime/7.39.1\"","service":"devops-practive","timestamp":"2025-11-03T14:41:44.304Z"}
{"id":"lreq_01k952ndf9fzt8fyz8gctrphyw","level":"error","message":"Arcjet returned an error decision","reason":"ERROR","service":"devops-practive","timestamp":"2025-11-03T14:41:44.425Z"}
{"level":"info","message":"::1 - - [03/Nov/2025:14:41:44 +0000] \"GET /health HTTP/1.1\" 200 76 \"-\" \"PostmanRuntime/7.39.1\"","service":"devops-practive","timestamp":"2025-11-03T14:41:44.425Z"}
{"id":"lreq_01k952ndjsfzt8fyzqpt4js08k","level":"error","message":"Arcjet returned an error decision","reason":"ERROR","service":"devops-practive","timestamp":"2025-11-03T14:41:44.538Z"}
{"level":"info","message":"::1 - - [03/Nov/2025:14:41:44 +0000] \"GET /health HTTP/1.1\" 200 76 \"-\" \"PostmanRuntime/7.39.1\"","service":"devops-practive","timestamp":"2025-11-03T14:41:44.538Z"}
{"id":"lreq_01k952ndpnfzt8fyzwyr2sg80j","level":"error","message":"Arcjet returned an error decision","reason":"ERROR","service":"devops-practive","timestamp":"2025-11-03T14:41:44.661Z"}
{"level":"info","message":"::1 - - [03/Nov/2025:14:41:44 +0000] \"GET /health HTTP/1.1\" 200 76 \"-\" \"PostmanRuntime/7.39.1\"","service":"devops-practive","timestamp":"2025-11-03T14:41:44.662Z"}
{"id":"lreq_01k952ndtffzt8fz01y92m61zy","level":"error","message":"Arcjet returned an error decision","reason":"ERROR","service":"devops-practive","timestamp":"2025-11-03T14:41:44.783Z"}
{"level":"info","message":"::1 - - [03/Nov/2025:14:41:44 +0000] \"GET /health HTTP/1.1\" 200 76 \"-\" \"PostmanRuntime/7.39.1\"","service":"devops-practive","timestamp":"2025-11-03T14:41:44.783Z"}
{"id":"lreq_01k952ndx1fzt8fz083d9kv2qf","level":"error","message":"Arcjet returned an error decision","reason":"ERROR","service":"devops-practive","timestamp":"2025-11-03T14:41:44.865Z"}
{"level":"info","message":"::1 - - [03/Nov/2025:14:41:44 +0000] \"GET /health HTTP/1.1\" 200 76 \"-\" \"PostmanRuntime/7.39.1\"","service":"devops-practive","timestamp":"2025-11-03T14:41:44.865Z"}
{"id":"lreq_01k952ne1nfzt8fz0gj7fz06yt","level":"error","message":"Arcjet returned an error decision","reason":"ERROR","service":"devops-practive","timestamp":"2025-11-03T14:41:45.013Z"}
{"level":"info","message":"::1 - - [03/Nov/2025:14:41:45 +0000] \"GET /health HTTP/1.1\" 200 76 \"-\" \"PostmanRuntime/7.39.1\"","service":"devops-practive","timestamp":"2025-11-03T14:41:45.014Z"}
{"id":"lreq_01k952ne4bfzt8fz0tay76pm18","level":"error","message":"Arcjet returned an error decision","reason":"ERROR","service":"devops-practive","timestamp":"2025-11-03T14:41:45.099Z"}
{"level":"info","message":"::1 - - [03/Nov/2025:14:41:45 +0000] \"GET /health HTTP/1.1\" 200 75 \"-\" \"PostmanRuntime/7.39.1\"","service":"devops-practive","timestamp":"2025-11-03T14:41:45.099Z"}
{"id":"lreq_01k952ne8afzt8fz14qkktxmd5","level":"error","message":"Arcjet returned an error decision","reason":"ERROR","service":"devops-practive","timestamp":"2025-11-03T14:41:45.226Z"}
{"level":"info","message":"::1 - - [03/Nov/2025:14:41:45 +0000] \"GET /health HTTP/1.1\" 200 76 \"-\" \"PostmanRuntime/7.39.1\"","service":"devops-practive","timestamp":"2025-11-03T14:41:45.226Z"}
{"id":"lreq_01k952nebxfzt8fz1a6r0xa7qd","level":"error","message":"Arcjet returned an error decision","reason":"ERROR","service":"devops-practive","timestamp":"2025-11-03T14:41:45.341Z"}
{"level":"info","message":"::1 - - [03/Nov/2025:14:41:45 +0000] \"GET /health HTTP/1.1\" 200 76 \"-\" \"PostmanRuntime/7.39.1\"","service":"devops-practive","timestamp":"2025-11-03T14:41:45.342Z"}
{"id":"lreq_01k952neg9fzt8fz1jw5b4c3rr","level":"error","message":"Arcjet returned an error decision","reason":"ERROR","service":"devops-practive","timestamp":"2025-11-03T14:41:45.481Z"}
{"level":"info","message":"::1 - - [03/Nov/2025:14:41:45 +0000] \"GET /health HTTP/1.1\" 200 76 \"-\" \"PostmanRuntime/7.39.1\"","service":"devops-practive","timestamp":"2025-11-03T14:41:45.481Z"}
{"id":"lreq_01k952nejwfzt8fz1yta3x8yex","level":"error","message":"Arcjet returned an error decision","reason":"ERROR","service":"devops-practive","timestamp":"2025-11-03T14:41:45.564Z"}
{"level":"info","message":"::1 - - [03/Nov/2025:14:41:45 +0000] \"GET /health HTTP/1.1\" 200 76 \"-\" \"PostmanRuntime/7.39.1\"","service":"devops-practive","timestamp":"2025-11-03T14:41:45.565Z"}
{"id":"lreq_01k952nepmfzt8fz27xk74qfkq","level":"error","message":"Arcjet returned an error decision","reason":"ERROR","service":"devops-practive","timestamp":"2025-11-03T14:41:45.684Z"}
{"level":"info","message":"::1 - - [03/Nov/2025:14:41:45 +0000] \"GET /health HTTP/1.1\" 200 76 \"-\" \"PostmanRuntime/7.39.1\"","service":"devops-practive","timestamp":"2025-11-03T14:41:45.685Z"}
{"id":"lreq_01k952nessfzt8fz2cm1n67gd7","level":"error","message":"Arcjet returned an error decision","reason":"ERROR","service":"devops-practive","timestamp":"2025-11-03T14:41:45.786Z"}
{"level":"info","message":"::1 - - [03/Nov/2025:14:41:45 +0000] \"GET /health HTTP/1.1\" 200 76 \"-\" \"PostmanRuntime/7.39.1\"","service":"devops-practive","timestamp":"2025-11-03T14:41:45.786Z"}
{"id":"lreq_01k952ney7fzt8fz2hg38zd6sv","level":"error","message":"Arcjet returned an error decision","reason":"ERROR","service":"devops-practive","timestamp":"2025-11-03T14:41:45.927Z"}
{"level":"info","message":"::1 - - [03/Nov/2025:14:41:45 +0000] \"GET /health HTTP/1.1\" 200 76 \"-\" \"PostmanRuntime/7.39.1\"","service":"devops-practive","timestamp":"2025-11-03T14:41:45.927Z"}
{"id":"lreq_01k952nf15fzt8fz2s6ps4gxvd","level":"error","message":"Arcjet returned an error decision","reason":"ERROR","service":"devops-practive","timestamp":"2025-11-03T14:41:46.021Z"}
{"level":"info","message":"::1 - - [03/Nov/2025:14:41:46 +0000] \"GET /health HTTP/1.1\" 200 76 \"-\" \"PostmanRuntime/7.39.1\"","service":"devops-practive","timestamp":"2025-11-03T14:41:46.021Z"}
{"id":"lreq_01k952nf4rfzt8fz3250vtrqst","level":"error","message":"Arcjet returned an error decision","reason":"ERROR","service":"devops-practive","timestamp":"2025-11-03T14:41:46.136Z"}
{"level":"info","message":"::1 - - [03/Nov/2025:14:41:46 +0000] \"GET /health HTTP/1.1\" 200 76 \"-\" \"PostmanRuntime/7.39.1\"","service":"devops-practive","timestamp":"2025-11-03T14:41:46.137Z"}
{"id":"lreq_01k952nf91fzt8fz387mrdkre0","level":"error","message":"Arcjet returned an error decision","reason":"ERROR","service":"devops-practive","timestamp":"2025-11-03T14:41:46.273Z"}
{"level":"info","message":"::1 - - [03/Nov/2025:14:41:46 +0000] \"GET /health HTTP/1.1\" 200 76 \"-\" \"PostmanRuntime/7.39.1\"","service":"devops-practive","timestamp":"2025-11-03T14:41:46.273Z"}
{"id":"lreq_01k952nfbzfzt8fz3nqanh253m","level":"error","message":"Arcjet returned an error decision","reason":"ERROR","service":"devops-practive","timestamp":"2025-11-03T14:41:46.367Z"}
{"level":"info","message":"::1 - - [03/Nov/2025:14:41:46 +0000] \"GET /health HTTP/1.1\" 200 76 \"-\" \"PostmanRuntime/7.39.1\"","service":"devops-practive","timestamp":"2025-11-03T14:41:46.368Z"}
{"id":"lreq_01k952nfg1fzt8fz3yzx09cjty","level":"error","message":"Arcjet returned an error decision","reason":"ERROR","service":"devops-practive","timestamp":"2025-11-03T14:41:46.497Z"}
{"level":"info","message":"::1 - - [03/Nov/2025:14:41:46 +0000] \"GET /health HTTP/1.1\" 200 76 \"-\" \"PostmanRuntime/7.39.1\"","service":"devops-practive","timestamp":"2025-11-03T14:41:46.497Z"}
{"id":"lreq_01k952nfm5fzt8fz41hy254n9n","level":"error","message":"Arcjet returned an error decision","reason":"ERROR","service":"devops-practive","timestamp":"2025-11-03T14:41:46.629Z"}
{"level":"info","message":"::1 - - [03/Nov/2025:14:41:46 +0000] \"GET /health HTTP/1.1\" 200 76 \"-\" \"PostmanRuntime/7.39.1\"","service":"devops-practive","timestamp":"2025-11-03T14:41:46.630Z"}
{"id":"lreq_01k952nfqqfzt8fz4bpjfm328m","level":"error","message":"Arcjet returned an error decision","reason":"ERROR","service":"devops-practive","timestamp":"2025-11-03T14:41:46.743Z"}
{"level":"info","message":"::1 - - [03/Nov/2025:14:41:46 +0000] \"GET /health HTTP/1.1\" 200 76 \"-\" \"PostmanRuntime/7.39.1\"","service":"devops-practive","timestamp":"2025-11-03T14:41:46.744Z"}
{"id":"lreq_01k952nfvvfzt8fz4kwgkyxkp3","level":"error","message":"Arcjet returned an error decision","reason":"ERROR","service":"devops-practive","timestamp":"2025-11-03T14:41:46.875Z"}
{"level":"info","message":"::1 - - [03/Nov/2025:14:41:46 +0000] \"GET /health HTTP/1.1\" 200 76 \"-\" \"PostmanRuntime/7.39.1\"","service":"devops-practive","timestamp":"2025-11-03T14:41:46.875Z"}
{"id":"lreq_01k952nfzmfzt8fz4rgdx9wap7","level":"error","message":"Arcjet returned an error decision","reason":"ERROR","service":"devops-practive","timestamp":"2025-11-03T14:41:46.996Z"}
{"level":"info","message":"::1 - - [03/Nov/2025:14:41:46 +0000] \"GET /health HTTP/1.1\" 200 76 \"-\" \"PostmanRuntime/7.39.1\"","service":"devops-practive","timestamp":"2025-11-03T14:41:46.997Z"}
{"id":"lreq_01k952ng34fzt8fz50za61mjak","level":"error","message":"Arcjet returned an error decision","reason":"ERROR","service":"devops-practive","timestamp":"2025-11-03T14:41:47.108Z"}
{"level":"info","message":"::1 - - [03/Nov/2025:14:41:47 +0000] \"GET /health HTTP/1.1\" 200 76 \"-\" \"PostmanRuntime/7.39.1\"","service":"devops-practive","timestamp":"2025-11-03T14:41:47.109Z"}
{"id":"lreq_01k952ng6cfzt8fz5bv1gqz6mm","level":"error","message":"Arcjet returned an error decision","reason":"ERROR","service":"devops-practive","timestamp":"2025-11-03T14:41:47.212Z"}
{"level":"info","message":"::1 - - [03/Nov/2025:14:41:47 +0000] \"GET /health HTTP/1.1\" 200 76 \"-\" \"PostmanRuntime/7.39.1\"","service":"devops-practive","timestamp":"2025-11-03T14:41:47.212Z"}
{"id":"lreq_01k952ng9nfzt8fz5mjxff58q1","level":"error","message":"Arcjet returned an error decision","reason":"ERROR","service":"devops-practive","timestamp":"2025-11-03T14:41:47.317Z"}
{"level":"info","message":"::1 - - [03/Nov/2025:14:41:47 +0000] \"GET /health HTTP/1.1\" 200 76 \"-\" \"PostmanRuntime/7.39.1\"","service":"devops-practive","timestamp":"2025-11-03T14:41:47.317Z"}
{"id":"lreq_01k952ngebfzt8fz5rpzyyjcyx","level":"error","message":"Arcjet returned an error decision","reason":"ERROR","service":"devops-practive","timestamp":"2025-11-03T14:41:47.467Z"}
{"level":"info","message":"::1 - - [03/Nov/2025:14:41:47 +0000] \"GET /health HTTP/1.1\" 200 75 \"-\" \"PostmanRuntime/7.39.1\"","service":"devops-practive","timestamp":"2025-11-03T14:41:47.467Z"}
{"id":"lreq_01k952nghnfzt8fz61d7mya0zr","level":"error","message":"Arcjet returned an error decision","reason":"ERROR","service":"devops-practive","timestamp":"2025-11-03T14:41:47.573Z"}
{"level":"info","message":"::1 - - [03/Nov/2025:14:41:47 +0000] \"GET /health HTTP/1.1\" 200 76 \"-\" \"PostmanRuntime/7.39.1\"","service":"devops-practive","timestamp":"2025-11-03T14:41:47.573Z"}
{"id":"lreq_01k952nypsecy93de1nfj2sv5p","level":"error","message":"Arcjet returned an error decision","reason":"ERROR","service":"devops-practive","timestamp":"2025-11-03T14:42:02.075Z"}
{"level":"info","message":"::1 - - [03/Nov/2025:14:42:02 +0000] \"GET /health HTTP/1.1\" 200 75 \"-\" \"PostmanRuntime/7.39.1\"","service":"devops-practive","timestamp":"2025-11-03T14:42:02.083Z"}
{"id":"lreq_01k952nz9aecy93de8znqnak5d","level":"error","message":"Arcjet returned an error decision","reason":"ERROR","service":"devops-practive","timestamp":"2025-11-03T14:42:02.666Z"}
{"level":"info","message":"::1 - - [03/Nov/2025:14:42:02 +0000] \"GET /health HTTP/1.1\" 200 72 \"-\" \"PostmanRuntime/7.39.1\"","service":"devops-practive","timestamp":"2025-11-03T14:42:02.667Z"}
{"id":"lreq_01k952p070ecy93dek4cc8gbzw","level":"error","message":"Arcjet returned an error decision","reason":"ERROR","service":"devops-practive","timestamp":"2025-11-03T14:42:03.616Z"}
{"level":"info","message":"::1 - - [03/Nov/2025:14:42:03 +0000] \"GET /health HTTP/1.1\" 200 75 \"-\" \"PostmanRuntime/7.39.1\"","service":"devops-practive","timestamp":"2025-11-03T14:42:03.617Z"}
{"id":"lreq_01k952p0xgecy93det994ff0vj","level":"error","message":"Arcjet returned an error decision","reason":"ERROR","service":"devops-practive","timestamp":"2025-11-03T14:42:04.336Z"}
{"level":"info","message":"::1 - - [03/Nov/2025:14:42:04 +0000] \"GET /health HTTP/1.1\" 200 75 \"-\" \"PostmanRuntime/7.39.1\"","service":"devops-practive","timestamp":"2025-11-03T14:42:04.337Z"}
{"id":"lreq_01k952p1j9ecy93df1ycvrwh9e","level":"error","message":"Arcjet returned an error decision","reason":"ERROR","service":"devops-practive","timestamp":"2025-11-03T14:42:05.001Z"}
{"level":"info","message":"::1 - - [03/Nov/2025:14:42:05 +0000] \"GET /health HTTP/1.1\" 200 75 \"-\" \"PostmanRuntime/7.39.1\"","service":"devops-practive","timestamp":"2025-11-03T14:42:05.003Z"}
{"id":"lreq_01k952p255ecy93dfehp12mmsd","level":"error","message":"Arcjet returned an error decision","reason":"ERROR","service":"devops-practive","timestamp":"2025-11-03T14:42:05.605Z"}
{"level":"info","message":"::1 - - [03/Nov/2025:14:42:05 +0000] \"GET /health HTTP/1.1\" 200 73 \"-\" \"PostmanRuntime/7.39.1\"","service":"devops-practive","timestamp":"2025-11-03T14:42:05.606Z"}
{"id":"lreq_01k952p2qeecy93dfmqah36c5h","level":"error","message":"Arcjet returned an error decision","reason":"ERROR","service":"devops-practive","timestamp":"2025-11-03T14:42:06.190Z"}
{"level":"info","message":"::1 - - [03/Nov/2025:14:42:06 +0000] \"GET /health HTTP/1.1\" 200 75 \"-\" \"PostmanRuntime/7.39.1\"","service":"devops-practive","timestamp":"2025-11-03T14:42:06.191Z"}
{"id":"lreq_01k952p32secy93dfr4xh6hfd3","level":"error","message":"Arcjet returned an error decision","reason":"ERROR","service":"devops-practive","timestamp":"2025-11-03T14:42:06.553Z"}
{"level":"info","message":"::1 - - [03/Nov/2025:14:42:06 +0000] \"GET /health HTTP/1.1\" 200 75 \"-\" \"PostmanRuntime/7.39.1\"","service":"devops-practive","timestamp":"2025-11-03T14:42:06.553Z"}
{"id":"lreq_01k952p3azecy93dg4m30zz9dg","level":"error","message":"Arcjet returned an error decision","reason":"ERROR","service":"devops-practive","timestamp":"2025-11-03T14:42:06.815Z"}
{"level":"info","message":"::1 - - [03/Nov/2025:14:42:06 +0000] \"GET /health HTTP/1.1\" 200 75 \"-\" \"PostmanRuntime/7.39.1\"","service":"devops-practive","timestamp":"2025-11-03T14:42:06.816Z"}
{"id":"lreq_01k952p3jdecy93dgdag2pc57z","level":"error","message":"Arcjet returned an error decision","reason":"ERROR","service":"devops-practive","timestamp":"2025-11-03T14:42:07.054Z"}
{"level":"info","message":"::1 - - [03/Nov/2025:14:42:07 +0000] \"GET /health HTTP/1.1\" 200 75 \"-\" \"PostmanRuntime/7.39.1\"","service":"devops-practive","timestamp":"2025-11-03T14:42:07.054Z"}
{"id":"lreq_01k952p3rsecy93dgn6abnfzzq","level":"error","message":"Arcjet returned an error decision","reason":"ERROR","service":"devops-practive","timestamp":"2025-11-03T14:42:07.257Z"}
{"level":"info","message":"::1 - - [03/Nov/2025:14:42:07 +0000] \"GET /health HTTP/1.1\" 200 75 \"-\" \"PostmanRuntime/7.39.1\"","service":"devops-practive","timestamp":"2025-11-03T14:42:07.258Z"}
{"id":"lreq_01k952p434ecy93dgz5y4b1wyz","level":"error","message":"Arcjet returned an error decision","reason":"ERROR","service":"devops-practive","timestamp":"2025-11-03T14:42:07.588Z"}
{"level":"info","message":"::1 - - [03/Nov/2025:14:42:07 +0000] \"GET /health HTTP/1.1\" 200 76 \"-\" \"PostmanRuntime/7.39.1\"","service":"devops-practive","timestamp":"2025-11-03T14:42:07.589Z"}
{"id":"lreq_01k952p4azecy93dh0sn4wrsxf","level":"error","message":"Arcjet returned an error decision","reason":"ERROR","service":"devops-practive","timestamp":"2025-11-03T14:42:07.839Z"}
{"level":"info","message":"::1 - - [03/Nov/2025:14:42:07 +0000] \"GET /health HTTP/1.1\" 200 76 \"-\" \"PostmanRuntime/7.39.1\"","service":"devops-practive","timestamp":"2025-11-03T14:42:07.839Z"}
{"id":"lreq_01k952p4kfecy93dhfqe4e8hd9","level":"error","message":"Arcjet returned an error decision","reason":"ERROR","service":"devops-practive","timestamp":"2025-11-03T14:42:08.111Z"}
{"level":"info","message":"::1 - - [03/Nov/2025:14:42:08 +0000] \"GET /health HTTP/1.1\" 200 75 \"-\" \"PostmanRuntime/7.39.1\"","service":"devops-practive","timestamp":"2025-11-03T14:42:08.112Z"}
{"id":"lreq_01k952p4t2ecy93dhn7ch1j096","level":"error","message":"Arcjet returned an error decision","reason":"ERROR","service":"devops-practive","timestamp":"2025-11-03T14:42:08.323Z"}
{"level":"info","message":"::1 - - [03/Nov/2025:14:42:08 +0000] \"GET /health HTTP/1.1\" 200 76 \"-\" \"PostmanRuntime/7.39.1\"","service":"devops-practive","timestamp":"2025-11-03T14:42:08.323Z"}
{"id":"lreq_01k952p50becy93dhtzmxkwkk8","level":"error","message":"Arcjet returned an error decision","reason":"ERROR","service":"devops-practive","timestamp":"2025-11-03T14:42:08.524Z"}
{"level":"info","message":"::1 - - [03/Nov/2025:14:42:08 +0000] \"GET /health HTTP/1.1\" 200 76 \"-\" \"PostmanRuntime/7.39.1\"","service":"devops-practive","timestamp":"2025-11-03T14:42:08.524Z"}
{"id":"lreq_01k952p55eecy93dj08tdvrwjg","level":"error","message":"Arcjet returned an error decision","reason":"ERROR","service":"devops-practive","timestamp":"2025-11-03T14:42:08.686Z"}
{"level":"info","message":"::1 - - [03/Nov/2025:14:42:08 +0000] \"GET /health HTTP/1.1\" 200 76 \"-\" \"PostmanRuntime/7.39.1\"","service":"devops-practive","timestamp":"2025-11-03T14:42:08.686Z"}
{"id":"lreq_01k952p59wecy93dj8206xxr9v","level":"error","message":"Arcjet returned an error decision","reason":"ERROR","service":"devops-practive","timestamp":"2025-11-03T14:42:08.828Z"}
{"level":"info","message":"::1 - - [03/Nov/2025:14:42:08 +0000] \"GET /health HTTP/1.1\" 200 76 \"-\" \"PostmanRuntime/7.39.1\"","service":"devops-practive","timestamp":"2025-11-03T14:42:08.829Z"}
{"id":"lreq_01k952p5e7ecy93djg703eznmr","level":"error","message":"Arcjet returned an error decision","reason":"ERROR","service":"devops-practive","timestamp":"2025-11-03T14:42:08.967Z"}
{"level":"info","message":"::1 - - [03/Nov/2025:14:42:08 +0000] \"GET /health HTTP/1.1\" 200 76 \"-\" \"PostmanRuntime/7.39.1\"","service":"devops-practive","timestamp":"2025-11-03T14:42:08.968Z"}
{"id":"lreq_01k952p5j7ecy93djy83tw1e32","level":"error","message":"Arcjet returned an error decision","reason":"ERROR","service":"devops-practive","timestamp":"2025-11-03T14:42:09.095Z"}
{"level":"info","message":"::1 - - [03/Nov/2025:14:42:09 +0000] \"GET /health HTTP/1.1\" 200 76 \"-\" \"PostmanRuntime/7.39.1\"","service":"devops-practive","timestamp":"2025-11-03T14:42:09.095Z"}
{"id":"lreq_01k952p5r4ecy93dk0t1rad72w","level":"error","message":"Arcjet returned an error decision","reason":"ERROR","service":"devops-practive","timestamp":"2025-11-03T14:42:09.284Z"}
{"level":"info","message":"::1 - - [03/Nov/2025:14:42:09 +0000] \"GET /health HTTP/1.1\" 200 76 \"-\" \"PostmanRuntime/7.39.1\"","service":"devops-practive","timestamp":"2025-11-03T14:42:09.284Z"}
{"id":"lreq_01k952p5wzecy93dkd25hzghzb","level":"error","message":"Arcjet returned an error decision","reason":"ERROR","service":"devops-practive","timestamp":"2025-11-03T14:42:09.439Z"}
{"level":"info","message":"::1 - - [03/Nov/2025:14:42:09 +0000] \"GET /health HTTP/1.1\" 200 74 \"-\" \"PostmanRuntime/7.39.1\"","service":"devops-practive","timestamp":"2025-11-03T14:42:09.439Z"}
{"id":"lreq_01k952p5zeecy93dkkdw0esaza","level":"error","message":"Arcjet returned an error decision","reason":"ERROR","service":"devops-practive","timestamp":"2025-11-03T14:42:09.519Z"}
{"level":"info","message":"::1 - - [03/Nov/2025:14:42:09 +0000] \"GET /health HTTP/1.1\" 200 76 \"-\" \"PostmanRuntime/7.39.1\"","service":"devops-practive","timestamp":"2025-11-03T14:42:09.519Z"}
{"id":"lreq_01k952p635ecy93dkzkdpspmay","level":"error","message":"Arcjet returned an error decision","reason":"ERROR","service":"devops-practive","timestamp":"2025-11-03T14:42:09.637Z"}
{"level":"info","message":"::1 - - [03/Nov/2025:14:42:09 +0000] \"GET /health HTTP/1.1\" 200 76 \"-\" \"PostmanRuntime/7.39.1\"","service":"devops-practive","timestamp":"2025-11-03T14:42:09.638Z"}
{"id":"lreq_01k952p669ecy93dm3ez7xbrnp","level":"error","message":"Arcjet returned an error decision","reason":"ERROR","service":"devops-practive","timestamp":"2025-11-03T14:42:09.737Z"}
{"level":"info","message":"::1 - - [03/Nov/2025:14:42:09 +0000] \"GET /health HTTP/1.1\" 200 76 \"-\" \"PostmanRuntime/7.39.1\"","service":"devops-practive","timestamp":"2025-11-03T14:42:09.738Z"}
{"id":"lreq_01k952p6aeecy93dmef6a9g233","level":"error","message":"Arcjet returned an error decision","reason":"ERROR","service":"devops-practive","timestamp":"2025-11-03T14:42:09.870Z"}
{"level":"info","message":"::1 - - [03/Nov/2025:14:42:09 +0000] \"GET /health HTTP/1.1\" 200 76 \"-\" \"PostmanRuntime/7.39.1\"","service":"devops-practive","timestamp":"2025-11-03T14:42:09.871Z"}
{"id":"lreq_01k952p6d3ecy93dmqp6k3y3c5","level":"error","message":"Arcjet returned an error decision","reason":"ERROR","service":"devops-practive","timestamp":"2025-11-03T14:42:09.955Z"}
{"level":"info","message":"::1 - - [03/Nov/2025:14:42:09 +0000] \"GET /health HTTP/1.1\" 200 76 \"-\" \"PostmanRuntime/7.39.1\"","service":"devops-practive","timestamp":"2025-11-03T14:42:09.956Z"}
{"id":"lreq_01k952p6h7ecy93dmv7ctqsg41","level":"error","message":"Arcjet returned an error decision","reason":"ERROR","service":"devops-practive","timestamp":"2025-11-03T14:42:10.087Z"}
{"level":"info","message":"::1 - - [03/Nov/2025:14:42:10 +0000] \"GET /health HTTP/1.1\" 200 76 \"-\" \"PostmanRuntime/7.39.1\"","service":"devops-practive","timestamp":"2025-11-03T14:42:10.087Z"}
{"id":"lreq_01k952p6mhecy93dn3rsg4gybg","level":"error","message":"Arcjet returned an error decision","reason":"ERROR","service":"devops-practive","timestamp":"2025-11-03T14:42:10.193Z"}
{"level":"info","message":"::1 - - [03/Nov/2025:14:42:10 +0000] \"GET /health HTTP/1.1\" 200 76 \"-\" \"PostmanRuntime/7.39.1\"","service":"devops-practive","timestamp":"2025-11-03T14:42:10.193Z"}
{"id":"lreq_01k952p6qnecy93dnfqtds5t5w","level":"error","message":"Arcjet returned an error decision","reason":"ERROR","service":"devops-practive","timestamp":"2025-11-03T14:42:10.293Z"}
{"level":"info","message":"::1 - - [03/Nov/2025:14:42:10 +0000] \"GET /health HTTP/1.1\" 200 76 \"-\" \"PostmanRuntime/7.39.1\"","service":"devops-practive","timestamp":"2025-11-03T14:42:10.293Z"}
{"id":"lreq_01k952p6v8ecy93dnmd9y3wzj2","level":"error","message":"Arcjet returned an error decision","reason":"ERROR","service":"devops-practive","timestamp":"2025-11-03T14:42:10.408Z"}
{"level":"info","message":"::1 - - [03/Nov/2025:14:42:10 +0000] \"GET /health HTTP/1.1\" 200 76 \"-\" \"PostmanRuntime/7.39.1\"","service":"devops-practive","timestamp":"2025-11-03T14:42:10.408Z"}
{"id":"lreq_01k952p6ybecy93dntpk8jkjbm","level":"error","message":"Arcjet returned an error decision","reason":"ERROR","service":"devops-practive","timestamp":"2025-11-03T14:42:10.507Z"}
{"level":"info","message":"::1 - - [03/Nov/2025:14:42:10 +0000] \"GET /health HTTP/1.1\" 200 76 \"-\" \"PostmanRuntime/7.39.1\"","service":"devops-practive","timestamp":"2025-11-03T14:42:10.508Z"}
{"id":"lreq_01k952p71aecy93dp5bpfxdhce","level":"error","message":"Arcjet returned an error decision","reason":"ERROR","service":"devops-practive","timestamp":"2025-11-03T14:42:10.602Z"}
{"level":"info","message":"::1 - - [03/Nov/2025:14:42:10 +0000] \"GET /health HTTP/1.1\" 200 76 \"-\" \"PostmanRuntime/7.39.1\"","service":"devops-practive","timestamp":"2025-11-03T14:42:10.603Z"}
{"id":"lreq_01k952p757ecy93dpdk29ezf2b","level":"error","message":"Arcjet returned an error decision","reason":"ERROR","service":"devops-practive","timestamp":"2025-11-03T14:42:10.727Z"}
{"level":"info","message":"::1 - - [03/Nov/2025:14:42:10 +0000] \"GET /health HTTP/1.1\" 200 75 \"-\" \"PostmanRuntime/7.39.1\"","service":"devops-practive","timestamp":"2025-11-03T14:42:10.727Z"}
{"id":"lreq_01k952p78aecy93dpmkc14vvjp","level":"error","message":"Arcjet returned an error decision","reason":"ERROR","service":"devops-practive","timestamp":"2025-11-03T14:42:10.826Z"}
{"level":"info","message":"::1 - - [03/Nov/2025:14:42:10 +0000] \"GET /health HTTP/1.1\" 200 76 \"-\" \"PostmanRuntime/7.39.1\"","service":"devops-practive","timestamp":"2025-11-03T14:42:10.827Z"}
{"id":"lreq_01k952p7bqecy93dpvd9h9418s","level":"error","message":"Arcjet returned an error decision","reason":"ERROR","service":"devops-practive","timestamp":"2025-11-03T14:42:10.935Z"}
{"level":"info","message":"::1 - - [03/Nov/2025:14:42:10 +0000] \"GET /health HTTP/1.1\" 200 76 \"-\" \"PostmanRuntime/7.39.1\"","service":"devops-practive","timestamp":"2025-11-03T14:42:10.936Z"}
{"id":"lreq_01k952p7eyecy93dq594pg3cbv","level":"error","message":"Arcjet returned an error decision","reason":"ERROR","service":"devops-practive","timestamp":"2025-11-03T14:42:11.038Z"}
{"level":"info","message":"::1 - - [03/Nov/2025:14:42:11 +0000] \"GET /health HTTP/1.1\" 200 76 \"-\" \"PostmanRuntime/7.39.1\"","service":"devops-practive","timestamp":"2025-11-03T14:42:11.038Z"}
{"id":"lreq_01k952p7jpecy93dqb5e9eqdpb","level":"error","message":"Arcjet returned an error decision","reason":"ERROR","service":"devops-practive","timestamp":"2025-11-03T14:42:11.158Z"}
{"level":"info","message":"::1 - - [03/Nov/2025:14:42:11 +0000] \"GET /health HTTP/1.1\" 200 76 \"-\" \"PostmanRuntime/7.39.1\"","service":"devops-practive","timestamp":"2025-11-03T14:42:11.158Z"}
{"id":"lreq_01k952p7pdecy93dqm1y6ma27k","level":"error","message":"Arcjet returned an error decision","reason":"ERROR","service":"devops-practive","timestamp":"2025-11-03T14:42:11.277Z"}
{"level":"info","message":"::1 - - [03/Nov/2025:14:42:11 +0000] \"GET /health HTTP/1.1\" 200 76 \"-\" \"PostmanRuntime/7.39.1\"","service":"devops-practive","timestamp":"2025-11-03T14:42:11.277Z"}
{"id":"lreq_01k952p7t2ecy93dqrvdsw670x","level":"error","message":"Arcjet returned an error decision","reason":"ERROR","service":"devops-practive","timestamp":"2025-11-03T14:42:11.394Z"}
{"level":"info","message":"::1 - - [03/Nov/2025:14:42:11 +0000] \"GET /health HTTP/1.1\" 200 76 \"-\" \"PostmanRuntime/7.39.1\"","service":"devops-practive","timestamp":"2025-11-03T14:42:11.395Z"}
{"id":"lreq_01k952p7x4ecy93dr3vykdr8d7","level":"error","message":"Arcjet returned an error decision","reason":"ERROR","service":"devops-practive","timestamp":"2025-11-03T14:42:11.492Z"}
{"level":"info","message":"::1 - - [03/Nov/2025:14:42:11 +0000] \"GET /health HTTP/1.1\" 200 76 \"-\" \"PostmanRuntime/7.39.1\"","service":"devops-practive","timestamp":"2025-11-03T14:42:11.494Z"}
{"id":"lreq_01k952p80aecy93dr86xa3mfrb","level":"error","message":"Arcjet returned an error decision","reason":"ERROR","service":"devops-practive","timestamp":"2025-11-03T14:42:11.594Z"}
{"level":"info","message":"::1 - - [03/Nov/2025:14:42:11 +0000] \"GET /health HTTP/1.1\" 200 76 \"-\" \"PostmanRuntime/7.39.1\"","service":"devops-practive","timestamp":"2025-11-03T14:42:11.594Z"}
{"id":"lreq_01k952p838ecy93drjvqc0myfe","level":"error","message":"Arcjet returned an error decision","reason":"ERROR","service":"devops-practive","timestamp":"2025-11-03T14:42:11.688Z"}
{"level":"info","message":"::1 - - [03/Nov/2025:14:42:11 +0000] \"GET /health HTTP/1.1\" 200 76 \"-\" \"PostmanRuntime/7.39.1\"","service":"devops-practive","timestamp":"2025-11-03T14:42:11.688Z"}
{"id":"lreq_01k952p87aecy93drt61wrp7px","level":"error","message":"Arcjet returned an error decision","reason":"ERROR","service":"devops-practive","timestamp":"2025-11-03T14:42:11.818Z"}
{"level":"info","message":"::1 - - [03/Nov/2025:14:42:11 +0000] \"GET /health HTTP/1.1\" 200 76 \"-\" \"PostmanRuntime/7.39.1\"","service":"devops-practive","timestamp":"2025-11-03T14:42:11.819Z"}
{"id":"lreq_01k952p8anecy93ds260et7f4n","level":"error","message":"Arcjet returned an error decision","reason":"ERROR","service":"devops-practive","timestamp":"2025-11-03T14:42:11.925Z"}
{"level":"info","message":"::1 - - [03/Nov/2025:14:42:11 +0000] \"GET /health HTTP/1.1\" 200 76 \"-\" \"PostmanRuntime/7.39.1\"","service":"devops-practive","timestamp":"2025-11-03T14:42:11.926Z"}
{"id":"lreq_01k952p8kxecy93dsajc55mr04","level":"error","message":"Arcjet returned an error decision","reason":"ERROR","service":"devops-practive","timestamp":"2025-11-03T14:42:12.222Z"}
{"level":"info","message":"::1 - - [03/Nov/2025:14:42:12 +0000] \"GET /health HTTP/1.1\" 200 76 \"-\" \"PostmanRuntime/7.39.1\"","service":"devops-practive","timestamp":"2025-11-03T14:42:12.223Z"}
{"id":"lreq_01k952p8pvecy93dsq37tskq0a","level":"error","message":"Arcjet returned an error decision","reason":"ERROR","service":"devops-practive","timestamp":"2025-11-03T14:42:12.315Z"}
{"level":"info","message":"::1 - - [03/Nov/2025:14:42:12 +0000] \"GET /health HTTP/1.1\" 200 74 \"-\" \"PostmanRuntime/7.39.1\"","service":"devops-practive","timestamp":"2025-11-03T14:42:12.315Z"}
{"id":"lreq_01k952p8tkecy93dsr3z3cej75","level":"error","message":"Arcjet returned an error decision","reason":"ERROR","service":"devops-practive","timestamp":"2025-11-03T14:42:12.435Z"}
{"level":"info","message":"::1 - - [03/Nov/2025:14:42:12 +0000] \"GET /health HTTP/1.1\" 200 76 \"-\" \"PostmanRuntime/7.39.1\"","service":"devops-practive","timestamp":"2025-11-03T14:42:12.435Z"}
{"id":"lreq_01k952p8y0ecy93dt22w2mc2bt","level":"error","message":"Arcjet returned an error decision","reason":"ERROR","service":"devops-practive","timestamp":"2025-11-03T14:42:12.544Z"}
{"level":"info","message":"::1 - - [03/Nov/2025:14:42:12 +0000] \"GET /health HTTP/1.1\" 200 76 \"-\" \"PostmanRuntime/7.39.1\"","service":"devops-practive","timestamp":"2025-11-03T14:42:12.545Z"}
{"id":"lreq_01k952p910ecy93dtffh23nr4n","level":"error","message":"Arcjet returned an error decision","reason":"ERROR","service":"devops-practive","timestamp":"2025-11-03T14:42:12.640Z"}
{"level":"info","message":"::1 - - [03/Nov/2025:14:42:12 +0000] \"GET /health HTTP/1.1\" 200 76 \"-\" \"PostmanRuntime/7.39.1\"","service":"devops-practive","timestamp":"2025-11-03T14:42:12.640Z"}
{"id":"lreq_01k952p957ecy93dtp6hmp35j6","level":"error","message":"Arcjet returned an error decision","reason":"ERROR","service":"devops-practive","timestamp":"2025-11-03T14:42:12.775Z"}
{"level":"info","message":"::1 - - [03/Nov/2025:14:42:12 +0000] \"GET /health HTTP/1.1\" 200 76 \"-\" \"PostmanRuntime/7.39.1\"","service":"devops-practive","timestamp":"2025-11-03T14:42:12.776Z"}
{"id":"lreq_01k952p987ecy93dty4d54z83y","level":"error","message":"Arcjet returned an error decision","reason":"ERROR","service":"devops-practive","timestamp":"2025-11-03T14:42:12.871Z"}
{"level":"info","message":"::1 - - [03/Nov/2025:14:42:12 +0000] \"GET /health HTTP/1.1\" 200 76 \"-\" \"PostmanRuntime/7.39.1\"","service":"devops-practive","timestamp":"2025-11-03T14:42:12.871Z"}
{"id":"lreq_01k952p9axecy93dv4m63gyrv9","level":"error","message":"Arcjet returned an error decision","reason":"ERROR","service":"devops-practive","timestamp":"2025-11-03T14:42:12.957Z"}
{"level":"info","message":"::1 - - [03/Nov/2025:14:42:12 +0000] \"GET /health HTTP/1.1\" 200 76 \"-\" \"PostmanRuntime/7.39.1\"","service":"devops-practive","timestamp":"2025-11-03T14:42:12.957Z"}
